<?xml version="1.0" encoding="UTF-8"?>
<testng-results skipped="0" failed="0" total="1" passed="1">
  <reporter-output>
  </reporter-output>
  <suite name="Suite" duration-ms="40459" started-at="2015-06-26T11:10:49Z" finished-at="2015-06-26T11:11:29Z">
    <groups>
    </groups>
    <test name="Test" duration-ms="40459" started-at="2015-06-26T11:10:49Z" finished-at="2015-06-26T11:11:29Z">
      <class name="demo.DialingaNumberTest">
        <test-method status="PASS" signature="dialNumber()[pri:0, instance:demo.DialingaNumberTest@1571baf0]" name="dialNumber" duration-ms="40449" started-at="2015-06-26T16:40:49Z" finished-at="2015-06-26T16:41:29Z">
          <reporter-output>
          </reporter-output>
        </test-method> <!-- dialNumber -->
      </class> <!-- demo.DialingaNumberTest -->
    </test> <!-- Test -->
  </suite> <!-- Suite -->
</testng-results>
